{
  "testId" : "1-homepage2.gspec",
  "name" : "homepage2.gspec",
  "report" : {
    "nodes" : [ {
      "name" : "Simple check",
      "status" : "info",
      "nodes" : [ {
        "name" : "WebDriverException: Component returned failure code: 0x804b0012 (NS_ERROR_UNKNOWN_PROTOCOL) [nsIWebNavigation.loadURIWithOptions]\nCommand duration or timeout: 163 milliseconds\nBuild info: version: 'unknown', revision: 'unknown', time: 'unknown'\nSystem info: host: '33BXWN1', ip: '192.168.5.191', os.name: 'Windows 7', os.arch: 'amd64', os.version: '6.1', java.version: '1.8.0_65'\nDriver info: org.openqa.selenium.firefox.FirefoxDriver\nCapabilities [{applicationCacheEnabled=true, rotatable=false, handlesAlerts=true, databaseEnabled=true, version=42.0, platform=WINDOWS, nativeEvents=false, acceptSslCerts=true, webStorageEnabled=true, locationContextEnabled=true, browserName=firefox, takesScreenshot=true, javascriptEnabled=true, cssSelectorsEnabled=true}]\nSession ID: 92ed0515-8639-4209-bd25-16ded007cae3",
        "status" : "error",
        "time" : 1448031257208,
        "stacktrace" : "org.openqa.selenium.WebDriverException: Component returned failure code: 0x804b0012 (NS_ERROR_UNKNOWN_PROTOCOL) [nsIWebNavigation.loadURIWithOptions]\nCommand duration or timeout: 163 milliseconds\nBuild info: version: 'unknown', revision: 'unknown', time: 'unknown'\nSystem info: host: '33BXWN1', ip: '192.168.5.191', os.name: 'Windows 7', os.arch: 'amd64', os.version: '6.1', java.version: '1.8.0_65'\nDriver info: org.openqa.selenium.firefox.FirefoxDriver\nCapabilities [{applicationCacheEnabled=true, rotatable=false, handlesAlerts=true, databaseEnabled=true, version=42.0, platform=WINDOWS, nativeEvents=false, acceptSslCerts=true, webStorageEnabled=true, locationContextEnabled=true, browserName=firefox, takesScreenshot=true, javascriptEnabled=true, cssSelectorsEnabled=true}]\nSession ID: 92ed0515-8639-4209-bd25-16ded007cae3\r\n\tat sun.reflect.NativeConstructorAccessorImpl.newInstance0(Native Method)\r\n\tat sun.reflect.NativeConstructorAccessorImpl.newInstance(Unknown Source)\r\n\tat sun.reflect.DelegatingConstructorAccessorImpl.newInstance(Unknown Source)\r\n\tat java.lang.reflect.Constructor.newInstance(Unknown Source)\r\n\tat org.openqa.selenium.remote.ErrorHandler.createThrowable(ErrorHandler.java:206)\r\n\tat org.openqa.selenium.remote.ErrorHandler.throwIfResponseFailed(ErrorHandler.java:158)\r\n\tat org.openqa.selenium.remote.RemoteWebDriver.execute(RemoteWebDriver.java:595)\r\n\tat org.openqa.selenium.remote.RemoteWebDriver.get(RemoteWebDriver.java:306)\r\n\tat com.galenframework.browser.SeleniumBrowser.load(SeleniumBrowser.java:60)\r\n\tat com.galenframework.runner.GalenPageRunner.run(GalenPageRunner.java:69)\r\n\tat com.galenframework.runner.GalenBasicTestRunner.runTest(GalenBasicTestRunner.java:76)\r\n\tat com.galenframework.tests.GalenBasicTest.execute(GalenBasicTest.java:55)\r\n\tat com.galenframework.TestRunnable.runTest(TestRunnable.java:75)\r\n\tat com.galenframework.TestRunnable.run(TestRunnable.java:101)\r\n\tat java.util.concurrent.ThreadPoolExecutor.runWorker(Unknown Source)\r\n\tat java.util.concurrent.ThreadPoolExecutor$Worker.run(Unknown Source)\r\n\tat java.lang.Thread.run(Unknown Source)\r\nCaused by: org.openqa.selenium.WebDriverException: Component returned failure code: 0x804b0012 (NS_ERROR_UNKNOWN_PROTOCOL) [nsIWebNavigation.loadURIWithOptions]\nBuild info: version: 'unknown', revision: 'unknown', time: 'unknown'\nSystem info: host: '33BXWN1', ip: '192.168.5.191', os.name: 'Windows 7', os.arch: 'amd64', os.version: '6.1', java.version: '1.8.0_65'\nDriver info: driver.version: unknown\r\n\tat <anonymous class>._loadURIWithFlags(chrome://browser/content/browser.js:11704)\r\n\tat <anonymous class>.loadURIWithFlags(chrome://browser/content/tabbrowser.xml:6354)\r\n\tat <anonymous class>.loadURI(chrome://global/content/bindings/browser.xml:119)\r\n\tat <anonymous class>.loadURI(chrome://browser/content/tabbrowser.xml:3690)\r\n\tat <anonymous class>.FirefoxDriver.prototype.get(file:///C:/Users/Optaros/AppData/Local/Temp/anonymous1571264573372469108webdriver-profile/extensions/fxdriver@googlecode.com/components/driver-component.js:10535)\r\n\tat <anonymous class>.DelayedCommand.prototype.executeInternal_/h(file:///C:/Users/Optaros/AppData/Local/Temp/anonymous1571264573372469108webdriver-profile/extensions/fxdriver@googlecode.com/components/command-processor.js:12643)\r\n\tat <anonymous class>.DelayedCommand.prototype.executeInternal_(file:///C:/Users/Optaros/AppData/Local/Temp/anonymous1571264573372469108webdriver-profile/extensions/fxdriver@googlecode.com/components/command-processor.js:12648)\r\n\tat <anonymous class>.DelayedCommand.prototype.execute/<(file:///C:/Users/Optaros/AppData/Local/Temp/anonymous1571264573372469108webdriver-profile/extensions/fxdriver@googlecode.com/components/command-processor.js:12590)\r\n",
        "type" : "node"
      } ],
      "time" : 1448031244975,
      "type" : "node"
    } ]
  }
}